[1122/221638.167:ERROR:gpu_init.cc(426)] Passthrough is not supported, GL is disabled
[1122/222933.780:WARNING:used_ids.h(55)] Duplicate id found. Reassigning from 104 to 127
[1122/222933.780:WARNING:used_ids.h(55)] Duplicate id found. Reassigning from 102 to 125
[1122/222933.780:WARNING:used_ids.h(55)] Duplicate id found. Reassigning from 104 to 124
[1122/222933.780:WARNING:used_ids.h(55)] Duplicate id found. Reassigning from 106 to 123
[1122/222933.780:WARNING:used_ids.h(55)] Duplicate id found. Reassigning from 110 to 122
[1122/222933.780:WARNING:used_ids.h(55)] Duplicate id found. Reassigning from 103 to 121
[1122/222933.780:WARNING:used_ids.h(55)] Duplicate id found. Reassigning from 105 to 120
[1122/222933.780:WARNING:used_ids.h(55)] Duplicate id found. Reassigning from 111 to 119
[1122/222933.781:WARNING:used_ids.h(55)] Duplicate id found. Reassigning from 1 to 14
[1122/222933.781:WARNING:used_ids.h(55)] Duplicate id found. Reassigning from 3 to 13
[1122/222933.781:WARNING:used_ids.h(55)] Duplicate id found. Reassigning from 5 to 12
[1122/222933.781:WARNING:used_ids.h(55)] Duplicate id found. Reassigning from 6 to 11
[1122/222933.782:ERROR:audio_rtp_receiver.cc(88)] AudioRtpReceiver::OnSetVolume: No audio channel exists.
[1122/231539.748:WARNING:angle_platform_impl.cc(48)] HLSLCompiler.cpp:257 (compileToBinary): 
C:\fakepath(85,1-6): warning X4000: use of potentially uninitialized variable (dyn_index_vec4_float4)

[1122/231539.843:WARNING:angle_platform_impl.cc(48)] HLSLCompiler.cpp:257 (compileToBinary): 
C:\fakepath(135,1): warning X4000: use of potentially uninitialized variable (f_i)
C:\fakepath(137,1): warning X4000: use of potentially uninitialized variable (f_i)
C:\fakepath(173,1): warning X4000: use of potentially uninitialized variable (f_u)

[1122/231546.145:WARNING:angle_platform_impl.cc(48)] HLSLCompiler.cpp:257 (compileToBinary): 
C:\fakepath(409,10-38): warning X4008: floating point division by zero
C:\fakepath(409,10-38): warning X4008: floating point division by zero

[1122/232234.192:WARNING:angle_platform_impl.cc(48)] HLSLCompiler.cpp:257 (compileToBinary): 
C:\fakepath(85,1-6): warning X4000: use of potentially uninitialized variable (dyn_index_vec4_float4)

[1122/232234.293:WARNING:angle_platform_impl.cc(48)] HLSLCompiler.cpp:257 (compileToBinary): 
C:\fakepath(135,1): warning X4000: use of potentially uninitialized variable (f_i)
C:\fakepath(137,1): warning X4000: use of potentially uninitialized variable (f_i)
C:\fakepath(173,1): warning X4000: use of potentially uninitialized variable (f_u)

